  1>Checking Build System
  CMake is re-running because generate.stamp.list is missing.
  -- Building for: Visual Studio 17 2022
  CMake Warning (dev) at CMakeLists.txt:1 (project):
    cmake_minimum_required() should be called prior to this top-level project()
    call.  Please see the cmake-commands(7) manual for usage documentation of
    both commands.
  This warning is for project developers.  Use -Wno-dev to suppress it.
  
  -- Selecting Windows SDK version 10.0.19041.0 to target Windows 10.0.22631.
  -- The C compiler identification is MSVC 19.39.33523.0
  -- The CXX compiler identification is MSVC 19.39.33523.0
  -- Detecting C compiler ABI info
  -- Detecting C compiler ABI info - done
  -- Check for working C compiler: C:/Program Files/Microsoft Visual Studio/2022/Community/VC/Tools/MSVC/14.39.33519/bin/Hostx64/x64/cl.exe - skipped
  -- Detecting C compile features
  -- Detecting C compile features - done
  -- Detecting CXX compiler ABI info
  -- Detecting CXX compiler ABI info - done
  -- Check for working CXX compiler: C:/Program Files/Microsoft Visual Studio/2022/Community/VC/Tools/MSVC/14.39.33519/bin/Hostx64/x64/cl.exe - skipped
  -- Detecting CXX compile features
  -- Detecting CXX compile features - done
  CMake Warning (dev) in CMakeLists.txt:
    No cmake_minimum_required command is present.  A line of code such as
  
      cmake_minimum_required(VERSION 3.31)
  
    should be added at the top of the file.  The version specified may be lower
    if you wish to support older CMake versions for this project.  For more
    information run "cmake --help-policy CMP0000".
  This warning is for project developers.  Use -Wno-dev to suppress it.
  
  -- Configuring done (3.0s)
  -- Generating done (0.1s)
  -- Build files have been written to: C:/Users/User.DESKTOP-BLBKBC2/Desktop/Kimhanil/Study/GSound/pygsound/src/GSound
